set ucliGUI::state
set ucliGUI::state
ucliCore::getToolPID
synopsys::env hasTB
trigger_hier_stack_context_switch 0
synUtils::setDVEInitPhase 1
synopsys::dump -type VPD -file /afs/andrew.cmu.edu/usr1/zhiyingm/private/18224/tiny-tapeout/TuringMachine/inter.vpd -locking
synopsys::dump -autoflush on -fid VPD0
set ::dve_fid VPD0
synUtils::setDVEInitPhase 0
ucliCore::getToolPID
synUtils::sendTool -active _icl_setToolSocket /tmp/smlnpz3hoUk
synUtils::sendTool -active {_icl_start_rpc -version "T-2022.06_Full64" -sync_file /tmp/vcs_dve_rpc.zhiyingm.163996}
synUtils::sendTool -active {_icl_createSharedMemory /tmp/vcs_dve_general.zhiyingm.163996}
config endofsim noexit
config onfail enable all
config syscaddplainmembers
config syscaddsourcenames
config syscaddstructtypes
synopsys::listing -disable
synopsys::dump -add {TuringMachine_test.dut.Addr_sel TuringMachine_test.dut.Compute_done TuringMachine_test.dut.DataReg_en TuringMachine_test.dut.Data_eq TuringMachine_test.dut.Data_sel TuringMachine_test.dut.Direction_en TuringMachine_test.dut.Display_en TuringMachine_test.dut.Display_rewrite TuringMachine_test.dut.Done TuringMachine_test.dut.Halt TuringMachine_test.dut.Init TuringMachine_test.dut.InputAddr_en TuringMachine_test.dut.Left TuringMachine_test.dut.Memory_end TuringMachine_test.dut.Next TuringMachine_test.dut.NextState_en TuringMachine_test.dut.PrevTape_en TuringMachine_test.dut.ReadInput TuringMachine_test.dut.Read_en TuringMachine_test.dut.StateAddr_en TuringMachine_test.dut.StateAddr_ld TuringMachine_test.dut.TapeAddr_en TuringMachine_test.dut.TapeAddr_ld TuringMachine_test.dut.TapeReg_en TuringMachine_test.dut.Tape_end TuringMachine_test.dut.Tape_start TuringMachine_test.dut.Write_en TuringMachine_test.dut.aw TuringMachine_test.dut.clock TuringMachine_test.dut.data_reg_in TuringMachine_test.dut.data_reg_out TuringMachine_test.dut.direction_in TuringMachine_test.dut.direction_out TuringMachine_test.dut.display_in TuringMachine_test.dut.display_out TuringMachine_test.dut.dw TuringMachine_test.dut.input_addr_out TuringMachine_test.dut.input_data TuringMachine_test.dut.memory_addr TuringMachine_test.dut.next_state_in TuringMachine_test.dut.next_state_out TuringMachine_test.dut.next_state_prep TuringMachine_test.dut.prev_tape_addr TuringMachine_test.dut.prev_tape_in TuringMachine_test.dut.prev_tape_out TuringMachine_test.dut.read_data TuringMachine_test.dut.reset TuringMachine_test.dut.state TuringMachine_test.dut.state_addr_in TuringMachine_test.dut.state_addr_out TuringMachine_test.dut.tape_addr_out TuringMachine_test.dut.tape_in TuringMachine_test.dut.tape_init_addr TuringMachine_test.dut.tape_min_addr_in TuringMachine_test.dut.tape_min_addr_out TuringMachine_test.dut.tape_reg_in TuringMachine_test.dut.tape_reg_out TuringMachine_test.dut.w TuringMachine_test.dut.write_data } -aggregates  -fid VPD0
synopsys::run
set ucliGUI::state
set ucliGUI::state
set ucliGUI::state
set ucliGUI::state
ucliGUI::getSignalValues -scope TuringMachine_test.dut -radix {binary } -list {{display_out[10:0]} }
ucliGUI::getSignalValues -scope TuringMachine_test.dut -radix {decimal } -list {{input_addr_out[5:0]} }
if [catch {gui_sim_terminate}] {gui_sim_terminate -kill}
synopsys::finish
set ucliGUI::state
set ucliGUI::state
ucli_exit
