# Preference setting overrides
gui_create_pref_key -category {Globals} -key {load_detail_for_funcov} -value_type {bool} -value {false}

# State setting overrides
gui_state_default_create -off -ini
gui_set_state_value -category Layout -key child_console_size_x -value 1509
gui_set_state_value -category Layout -key child_console_size_y -value 346
gui_set_state_value -category Layout -key child_data_coltype -value 102
gui_set_state_value -category Layout -key child_data_colvalue -value 159
gui_set_state_value -category Layout -key child_data_colvariable -value 199
gui_set_state_value -category Layout -key child_data_size_x -value 448
gui_set_state_value -category Layout -key child_data_size_y -value 379
gui_set_state_value -category Layout -key child_driver_docknewline -value true
gui_set_state_value -category Layout -key child_driver_size_x -value 1511
gui_set_state_value -category Layout -key child_driver_size_y -value 369
gui_set_state_value -category Layout -key child_hier_col3 -value {-1}
gui_set_state_value -category Layout -key child_hier_colpd -value 0
gui_set_state_value -category Layout -key child_hier_size_x -value 151
gui_set_state_value -category Layout -key child_hier_size_y -value 379
gui_set_state_value -category Layout -key child_hier_sort_order -value 1
gui_set_state_value -category Layout -key child_source_docknewline -value false
gui_set_state_value -category Layout -key child_source_pos_x -value {-2}
gui_set_state_value -category Layout -key child_source_pos_y -value {-17}
gui_set_state_value -category Layout -key child_source_size_x -value 913
gui_set_state_value -category Layout -key child_source_size_y -value 375
gui_set_state_value -category Layout -key child_wave_colname -value 207
gui_set_state_value -category Layout -key child_wave_colvalue -value 207
gui_set_state_value -category Layout -key child_wave_left -value 419
gui_set_state_value -category Layout -key child_wave_right -value 1021
gui_set_state_value -category Layout -key main_pos_x -value 1
gui_set_state_value -category Layout -key main_pos_y -value 22
gui_set_state_value -category Layout -key main_size_x -value 1510
gui_set_state_value -category Layout -key main_size_y -value 861
gui_set_state_value -category Layout -key stand_wave_child_docknewline -value false
gui_set_state_value -category Layout -key stand_wave_child_pos_x -value {-2}
gui_set_state_value -category Layout -key stand_wave_child_pos_y -value {-17}
gui_set_state_value -category Layout -key stand_wave_child_size_x -value 1450
gui_set_state_value -category Layout -key stand_wave_child_size_y -value 716
gui_set_state_value -category Layout -key stand_wave_top_pos_x -value 82
gui_set_state_value -category Layout -key stand_wave_top_pos_y -value 22
gui_set_state_value -category Layout -key stand_wave_top_size_x -value 1527
gui_set_state_value -category Layout -key stand_wave_top_size_y -value 856
gui_create_state_key -category FindDialog -key m_pMatchCase -value_type bool -value false
gui_create_state_key -category FindDialog -key m_pMatchWord -value_type bool -value false
gui_create_state_key -category FindDialog -key m_pUseCombo -value_type string -value {}
gui_create_state_key -category FindDialog -key m_pWrapAround -value_type bool -value true
gui_create_state_key -category Widget_History -key TopLevel.2|EkTopVbox|wndWorkspace|qt_workspacechild4|Wave.1|left|filterVBox|controlHBox|unnamed -value_type string -value {input_ *input_addr {}}
gui_create_state_key -category Widget_History -key {dlgSimSetup|m_setupTab|tab pages|BuildTab|m_rebuildBtnGroup|m_customCmdCombo} -value_type string -value {{vcs -sverilog -debug TuringMachine_test.sv TuringMachine.sv library.sv} {vcs -sverilog -debug calculator_chip.sv} {vcs -debug calculator_chip.sv} {vcs -sverilog -debug *.sv} {vcs -sverliog -debug *.sv}}
gui_create_state_key -category Widget_History -key {dlgSimSetup|m_setupTab|tab pages|SimTab|m_VPDCombo} -value_type string -value inter.vpd
gui_create_state_key -category Widget_History -key {dlgSimSetup|m_setupTab|tab pages|SimTab|m_argsCombo} -value_type string -value {{-ucligui }}
gui_create_state_key -category Widget_History -key {dlgSimSetup|m_setupTab|tab pages|SimTab|m_curDirCombo} -value_type string -value {/afs/andrew.cmu.edu/usr1/zhiyingm/private/18224/TapeOut /afs/andrew.cmu.edu/usr1/zhiyingm/private/18224/hw1 /afs/andrew.cmu.edu/usr1/zhiyingm/private/18240/lab5/task5 /afs/andrew.cmu.edu/usr1/zhiyingm/private/18240/lab5/RISC240 /afs/andrew.cmu.edu/usr1/zhiyingm/private/18240/lab5}
gui_create_state_key -category Widget_History -key {dlgSimSetup|m_setupTab|tab pages|SimTab|m_exeCombo} -value_type string -value {/afs/andrew.cmu.edu/usr1/zhiyingm/private/18224/TapeOut/simv ./simv /afs/andrew.cmu.edu/usr1/zhiyingm/private/18224/hw1/simv /afs/andrew.cmu.edu/usr1/zhiyingm/private/18240/lab5/task5/simv /afs/andrew.cmu.edu/usr1/zhiyingm/private/18240/lab5/RISC240/simv}
gui_state_default_create -off

# Begin command logging
gui_sim_run Ucli -exe ./simv -args {-ucligui  } -dir .
gui_list_expand -id  Hier.1   TuringMachine_test
gui_list_select -id Hier.1 -current_item_name TuringMachine_test.dut -current_item_type Scope  -selected  { TuringMachine_test.dut   }
gui_list_select -id Data.1 -selected  { TuringMachine_test.dut.Next   }
gui_list_select_all -id Data.1
gui_open_window Wave
gui_list_add -id Wave.1 -from Data.1 { {TuringMachine_test.dut.input_data[3:0]} TuringMachine_test.dut.clock TuringMachine_test.dut.Reset TuringMachine_test.dut.Next TuringMachine_test.dut.Done {TuringMachine_test.dut.next_state_out[5:0]} {TuringMachine_test.dut.direction[1:0]} {TuringMachine_test.dut.data_reg_out[5:0]} TuringMachine_test.dut.NextState_en TuringMachine_test.dut.NextState_clr TuringMachine_test.dut.InputAddr_en TuringMachine_test.dut.InputAddr_clr TuringMachine_test.dut.StateAddr_ld TuringMachine_test.dut.StateAddr_en TuringMachine_test.dut.TapeAddr_en TuringMachine_test.dut.TapeAddr_ld TuringMachine_test.dut.Write_en TuringMachine_test.dut.Read_en TuringMachine_test.dut.ReadInput TuringMachine_test.dut.TapeReg_en TuringMachine_test.dut.TapeReg_clr TuringMachine_test.dut.DataReg_en TuringMachine_test.dut.DataReg_clr {TuringMachine_test.dut.Data_sel[1:0]} {TuringMachine_test.dut.Addr_sel[1:0]} TuringMachine_test.dut.Data_eq TuringMachine_test.dut.Halt TuringMachine_test.dut.Memory_end {TuringMachine_test.dut.next_state_in[5:0]} {TuringMachine_test.dut.state_addr_in[5:0]} {TuringMachine_test.dut.state_addr_out[5:0]} {TuringMachine_test.dut.tape_addr_in[5:0]} {TuringMachine_test.dut.tape_addr_out[5:0]} {TuringMachine_test.dut.input_addr_out[5:0]} {TuringMachine_test.dut.memory_addr[5:0]} {TuringMachine_test.dut.write_data[3:0]} {TuringMachine_test.dut.read_data[3:0]} TuringMachine_test.dut.tape_reg_in TuringMachine_test.dut.tape_reg_out TuringMachine_test.dut.data_reg_in {TuringMachine_test.dut.memory_data[3:0]} {TuringMachine_test.dut.dw[31:0]} {TuringMachine_test.dut.w[31:0]} {TuringMachine_test.dut.aw[31:0]} } -insertionbar
gui_list_expand -id  Hier.1   TuringMachine_test.dut
gui_list_select -id Hier.1 -current_item_name TuringMachine_test.dut.fsm -current_item_type Scope  -selected  { TuringMachine_test.dut.fsm   }
gui_list_select -id Data.1 -selected  { {TuringMachine_test.dut.fsm.currState[3:0]}   }
gui_list_add -id Wave.1 -from Data.1 { {TuringMachine_test.dut.fsm.currState[3:0]} } -insertionbar
gui_sim_continue  
gui_wv_scroll_hslidermove -id  Wave.1 2479
gui_wv_scroll_hslidermove -id  Wave.1 3152
gui_zoom -window Wave.1 -factor 0.5
gui_zoom -window Wave.1 -factor 0.5
gui_wv_scroll_hslidermove -id  Wave.1 532
gui_list_sort -id  Wave.1   {Name}
gui_list_select -id Wave.1 -selected  { {TuringMachine_test.dut.data_reg_out[5:0]}   }
gui_list_set_selected_property -id Wave.1 -radix binary
gui_wv_scrollright -id  Wave.1  line
gui_wv_scrollright -id  Wave.1  line
gui_wv_scrollright -id  Wave.1  line
gui_wv_scrollright -id  Wave.1  line
gui_wv_scrollright -id  Wave.1  line
gui_wv_scrollright -id  Wave.1  line
gui_wv_scrollright -id  Wave.1  line
gui_wv_scrollright -id  Wave.1  line
gui_wv_scrollright -id  Wave.1  line
gui_wv_scrollright -id  Wave.1  line
gui_wv_scrollright -id  Wave.1  line
gui_wv_scrollright -id  Wave.1  line
gui_wv_scrollright -id  Wave.1  line
gui_wv_scrollright -id  Wave.1  line
gui_wv_scrollright -id  Wave.1  line
gui_wv_scrollright -id  Wave.1  line
gui_wv_scroll_hslidermove -id  Wave.1 986
gui_marker_move -id  Wave.1 C1 1975
gui_zoom -window Wave.1 -factor 2
gui_zoom -window Wave.1 -factor 2
gui_wv_scrollright -id  Wave.1  line
gui_wv_scrollright -id  Wave.1  line
gui_wv_scrollright -id  Wave.1  line
gui_list_select -id Wave.1 -selected  { {TuringMachine_test.dut.memory_addr[5:0]}   }
gui_set_env SIMSETUP::SIMCURRENTDIR /afs/andrew.cmu.edu/usr1/zhiyingm/private/18224/TapeOut
gui_sim_restart -build {vcs -sverilog -debug TuringMachine_test.sv TuringMachine.sv library.sv}
gui_sim_continue  
gui_wv_scroll_hslidermove -id  Wave.1 5401
gui_wv_scroll_hslidermove -id  Wave.1 5236
gui_wv_scroll_hslidermove -id  Wave.1 5565
gui_sim_restart -build {vcs -sverilog -debug TuringMachine_test.sv TuringMachine.sv library.sv}
gui_wv_scroll_hslidermove -id  Wave.1 6980
gui_wv_scroll_hslidermove -id  Wave.1 6150
gui_wv_scroll_hslidermove -id  Wave.1 5640
gui_sim_restart -build {vcs -sverilog -debug TuringMachine_test.sv TuringMachine.sv library.sv}
gui_sim_restart -build {vcs -sverilog -debug TuringMachine_test.sv TuringMachine.sv library.sv}
gui_close_window -window TopLevel.2
gui_sim_restart -build {vcs -sverilog -debug TuringMachine_test.sv TuringMachine.sv library.sv}
gui_list_select -id Hier.1 -current_item_name TuringMachine_test.dut -current_item_type Scope  -selected  { TuringMachine_test.dut   }
gui_list_select -id Data.1 -selected  { TuringMachine_test.dut.tape_reg_in   }
gui_list_select_all -id Data.1
gui_open_window Wave
gui_list_add -id Wave.1 -from Data.1 { TuringMachine_test.dut.data_reg_in TuringMachine_test.dut.ReadInput {TuringMachine_test.dut.state_addr_in[5:0]} TuringMachine_test.dut.Memory_end TuringMachine_test.dut.tape_reg_in TuringMachine_test.dut.TapeReg_en TuringMachine_test.dut.Read_en TuringMachine_test.dut.clock {TuringMachine_test.dut.next_state_out[5:0]} TuringMachine_test.dut.InputAddr_en TuringMachine_test.dut.Reset TuringMachine_test.dut.NextState_en TuringMachine_test.dut.Data_eq {TuringMachine_test.dut.tape_addr_out[5:0]} {TuringMachine_test.dut.input_data[3:0]} {TuringMachine_test.dut.Data_sel[1:0]} TuringMachine_test.dut.TapeAddr_ld TuringMachine_test.dut.tape_reg_out {TuringMachine_test.dut.dw[31:0]} {TuringMachine_test.dut.direction[1:0]} TuringMachine_test.dut.Halt {TuringMachine_test.dut.read_data[3:0]} {TuringMachine_test.dut.data_reg_out[5:0]} TuringMachine_test.dut.TapeAddr_en {TuringMachine_test.dut.memory_data[3:0]} TuringMachine_test.dut.Next TuringMachine_test.dut.DataReg_clr {TuringMachine_test.dut.state_addr_out[5:0]} {TuringMachine_test.dut.memory_addr[5:0]} TuringMachine_test.dut.Write_en TuringMachine_test.dut.TapeReg_clr {TuringMachine_test.dut.w[31:0]} {TuringMachine_test.dut.aw[31:0]} {TuringMachine_test.dut.tape_addr_in[5:0]} TuringMachine_test.dut.InputAddr_clr {TuringMachine_test.dut.write_data[3:0]} TuringMachine_test.dut.Done TuringMachine_test.dut.StateAddr_ld {TuringMachine_test.dut.input_addr_out[5:0]} TuringMachine_test.dut.StateAddr_en {TuringMachine_test.dut.next_state_in[5:0]} TuringMachine_test.dut.DataReg_en {TuringMachine_test.dut.Addr_sel[1:0]} TuringMachine_test.dut.NextState_init {TuringMachine_test.dut.next_state_prep[5:0]} } -insertionbar
gui_list_select -id Hier.1 -current_item_name TuringMachine_test.dut.fsm -current_item_type Scope  -selected  { TuringMachine_test.dut.fsm   }
gui_list_select -id Data.1 -selected  { TuringMachine_test.dut.fsm.currState   }
gui_list_add -id Wave.1 -from Data.1 { {TuringMachine_test.dut.fsm.currState[3:0]} } -insertionbar
gui_sim_continue  
gui_wv_scroll_hslidermove -id  Wave.1 6195
gui_list_sort -id  Wave.1   {Name}
gui_wv_scroll_hslidermove -id  Wave.1 5734
gui_wv_scroll_hslidermove -id  Wave.1 5789
gui_list_select -id Wave.1 -selected  { {TuringMachine_test.dut.memory_addr[5:0]}   }
gui_wv_scroll_hslidermove -id  Wave.1 5872
gui_marker_move -id  Wave.1 C1 2065
gui_marker_move -id  Wave.1 C1 2055
gui_marker_move -id  Wave.1 C1 2051
gui_wv_scrollleft -id  Wave.1  line
gui_wv_scrollleft -id  Wave.1  line
gui_wv_scrollleft -id  Wave.1  line
gui_wv_scrollleft -id  Wave.1  line
gui_wv_scrollleft -id  Wave.1  line
gui_wv_scrollleft -id  Wave.1  line
gui_wv_scrollleft -id  Wave.1  line
gui_wv_scrollleft -id  Wave.1  line
gui_wv_scrollleft -id  Wave.1  line
gui_wv_scrollleft -id  Wave.1  line
gui_wv_scrollleft -id  Wave.1  line
gui_wv_scrollleft -id  Wave.1  line
gui_wv_scrollleft -id  Wave.1  line
gui_wv_scrollright -id  Wave.1  line
gui_wv_scrollright -id  Wave.1  line
gui_wv_scrollright -id  Wave.1  line
gui_wv_scrollright -id  Wave.1  line
gui_wv_scroll_hslidermove -id  Wave.1 0
gui_sim_restart -build {vcs -sverilog -debug TuringMachine_test.sv TuringMachine.sv library.sv}
gui_sim_continue  
gui_wv_scroll_hslidermove -id  Wave.1 0
gui_sim_restart -build {vcs -sverilog -debug TuringMachine_test.sv TuringMachine.sv library.sv}
gui_sim_continue  
gui_wv_scroll_hslidermove -id  Wave.1 0
gui_list_select -id Wave.1 -selected  { TuringMachine_test.dut.TapeAddr_ld   }
gui_marker_move -id  Wave.1 C1 30
gui_list_select -id Wave.1 -selected  { {TuringMachine_test.dut.memory_addr[5:0]}   }
gui_marker_move -id  Wave.1 C1 45
gui_sim_restart -build {vcs -sverilog -debug TuringMachine_test.sv TuringMachine.sv library.sv}
gui_sim_continue  
gui_wv_scroll_hslidermove -id  Wave.1 6849
gui_wv_scroll_hslidermove -id  Wave.1 0
gui_wv_scrollright -id  Wave.1  line
gui_wv_scrollright -id  Wave.1  line
gui_wv_scrollright -id  Wave.1  line
gui_wv_scrollright -id  Wave.1  line
gui_wv_scrollright -id  Wave.1  line
gui_wv_scrollright -id  Wave.1  line
gui_wv_scrollright -id  Wave.1  line
gui_wv_scrollright -id  Wave.1  line
gui_wv_scrollright -id  Wave.1  line
gui_wv_scrollright -id  Wave.1  line
gui_wv_scrollright -id  Wave.1  line
gui_wv_scrollright -id  Wave.1  line
gui_wv_scrollright -id  Wave.1  line
gui_wv_scrollright -id  Wave.1  line
gui_wv_scrollright -id  Wave.1  line
gui_wv_scrollright -id  Wave.1  line
gui_wv_scrollright -id  Wave.1  line
gui_wv_scrollright -id  Wave.1  line
gui_wv_scrollright -id  Wave.1  line
gui_wv_scrollright -id  Wave.1  line
gui_wv_scrollright -id  Wave.1  line
gui_wv_scrollright -id  Wave.1  line
gui_wv_scrollright -id  Wave.1  line
gui_wv_scrollright -id  Wave.1  line
gui_wv_scrollright -id  Wave.1  line
gui_wv_scrollright -id  Wave.1  line
gui_wv_scrollright -id  Wave.1  line
gui_wv_scrollright -id  Wave.1  line
gui_wv_scrollright -id  Wave.1  line
gui_wv_scrollright -id  Wave.1  line
gui_wv_scrollright -id  Wave.1  line
gui_wv_scrollright -id  Wave.1  line
gui_wv_scrollright -id  Wave.1  line
gui_wv_scrollright -id  Wave.1  line
gui_wv_scrollright -id  Wave.1  line
gui_wv_scrollright -id  Wave.1  line
gui_wv_scrollright -id  Wave.1  line
gui_wv_scrollright -id  Wave.1  line
gui_wv_scrollright -id  Wave.1  line
gui_wv_scrollright -id  Wave.1  line
gui_wv_scrollright -id  Wave.1  line
gui_wv_scrollright -id  Wave.1  line
gui_wv_scrollright -id  Wave.1  line
gui_wv_scrollright -id  Wave.1  line
gui_wv_scrollright -id  Wave.1  line
gui_wv_scrollright -id  Wave.1  line
gui_wv_scrollright -id  Wave.1  line
gui_wv_scrollright -id  Wave.1  line
gui_wv_scrollright -id  Wave.1  line
gui_wv_scrollright -id  Wave.1  line
gui_wv_scrollright -id  Wave.1  line
gui_wv_scrollright -id  Wave.1  line
gui_wv_scrollright -id  Wave.1  line
gui_wv_scrollright -id  Wave.1  line
gui_wv_scrollright -id  Wave.1  line
gui_wv_scrollright -id  Wave.1  line
gui_wv_scrollright -id  Wave.1  line
gui_wv_scrollright -id  Wave.1  line
gui_wv_scrollright -id  Wave.1  line
gui_wv_scrollright -id  Wave.1  line
gui_wv_scrollright -id  Wave.1  line
gui_wv_scrollright -id  Wave.1  line
gui_wv_scrollright -id  Wave.1  line
gui_wv_scrollright -id  Wave.1  line
gui_wv_scrollright -id  Wave.1  line
gui_wv_scrollright -id  Wave.1  line
gui_wv_scrollright -id  Wave.1  line
gui_wv_scrollright -id  Wave.1  line
gui_wv_scrollright -id  Wave.1  line
gui_wv_scrollright -id  Wave.1  line
gui_wv_scrollright -id  Wave.1  line
gui_wv_scrollright -id  Wave.1  line
gui_wv_scrollright -id  Wave.1  line
gui_wv_scrollright -id  Wave.1  line
gui_wv_scrollright -id  Wave.1  line
gui_wv_scrollright -id  Wave.1  line
gui_wv_scrollright -id  Wave.1  line
gui_wv_scrollright -id  Wave.1  line
gui_wv_scrollright -id  Wave.1  line
gui_wv_scrollright -id  Wave.1  line
gui_wv_scrollright -id  Wave.1  line
gui_wv_scrollright -id  Wave.1  line
gui_wv_scrollright -id  Wave.1  line
gui_wv_scrollright -id  Wave.1  line
gui_wv_scrollright -id  Wave.1  line
gui_wv_scrollright -id  Wave.1  line
gui_wv_scrollright -id  Wave.1  line
gui_wv_scrollright -id  Wave.1  line
gui_wv_scrollright -id  Wave.1  line
gui_wv_scrollright -id  Wave.1  line
gui_wv_scrollright -id  Wave.1  line
gui_wv_scrollright -id  Wave.1  line
gui_wv_scrollright -id  Wave.1  line
gui_wv_scrollright -id  Wave.1  line
gui_wv_scrollright -id  Wave.1  line
gui_wv_scrollright -id  Wave.1  line
gui_wv_scrollright -id  Wave.1  line
gui_wv_scrollright -id  Wave.1  line
gui_wv_scrollright -id  Wave.1  line
gui_wv_scrollright -id  Wave.1  line
gui_wv_scrollright -id  Wave.1  line
gui_wv_scrollright -id  Wave.1  line
gui_wv_scrollright -id  Wave.1  line
gui_wv_scrollright -id  Wave.1  line
gui_wv_scrollright -id  Wave.1  line
gui_wv_scrollright -id  Wave.1  line
gui_wv_scrollright -id  Wave.1  line
gui_wv_scrollright -id  Wave.1  line
gui_wv_scrollright -id  Wave.1  line
gui_wv_scrollright -id  Wave.1  line
gui_wv_scrollright -id  Wave.1  line
gui_wv_scrollright -id  Wave.1  line
gui_wv_scrollright -id  Wave.1  line
gui_wv_scrollright -id  Wave.1  line
gui_wv_scrollright -id  Wave.1  line
gui_wv_scroll_hslidermove -id  Wave.1 5522
gui_marker_move -id  Wave.1 C1 1975
gui_sim_restart
gui_sim_restart -build {vcs -sverilog -debug TuringMachine_test.sv TuringMachine.sv library.sv}
gui_sim_continue  
gui_wv_scroll_hslidermove -id  Wave.1 5780
gui_wv_scroll_hslidermove -id  Wave.1 6499
gui_marker_move -id  Wave.1 C1 2281
gui_marker_move -id  Wave.1 C1 2308
gui_zoom -window Wave.1 -factor 2
gui_zoom -window Wave.1 -factor 2
gui_wv_scrollright -id  Wave.1  line
gui_wv_scrollright -id  Wave.1  line
gui_wv_scrollright -id  Wave.1  line
gui_wv_scrollright -id  Wave.1  line
gui_marker_move -id  Wave.1 C1 2338
gui_wv_scrollright -id  Wave.1  line
gui_wv_scrollright -id  Wave.1  line
gui_wv_scrollright -id  Wave.1  line
gui_wv_scrollright -id  Wave.1  line
gui_wv_scrollright -id  Wave.1  line
gui_wv_scrollright -id  Wave.1  line
gui_wv_scrollright -id  Wave.1  line
gui_wv_scrollright -id  Wave.1  line
gui_wv_scrollright -id  Wave.1  line
gui_marker_move -id  Wave.1 C1 2380
gui_zoom -window Wave.1 -factor 0.5
gui_list_select -id Hier.1 -current_item_name TuringMachine_test -current_item_type Scope  -selected  { TuringMachine_test   }
gui_list_select -id Data.1 -selected  { TuringMachine_test.Reset   }
gui_list_select -id Data.1 -selected  { {TuringMachine_test.input_data[3:0]}   }
gui_list_select_all -id Data.1
gui_list_create_group_when_add -wave -enable
gui_list_add -id Wave.1 -from Data.1 { {TuringMachine_test.input_data[3:0]} TuringMachine_test.clock TuringMachine_test.Reset TuringMachine_test.Next TuringMachine_test.Done {TuringMachine_test.next_state_out[5:0]} {TuringMachine_test.direction[1:0]} {TuringMachine_test.data_reg_out[5:0]} } -insertionbar
gui_list_collapse -id  Wave.1   Group2
gui_list_select -id Wave.1 -selected  { {TuringMachine_test.input_data[3:0]}   }
gui_sim_restart
gui_sim_continue  
gui_wv_scroll_hslidermove -id  Wave.1 0
gui_zoom -window Wave.1 -factor 0.5
gui_zoom -window Wave.1 -factor 0.5
gui_zoom -window Wave.1 -factor 0.5
gui_list_select -id Wave.1 -selected  { {TuringMachine_test.data_reg_out[5:0]}   }
gui_list_set_selected_property -id Wave.1 -radix binary
gui_wv_scroll_hslidermove -id  Wave.1 1086
gui_marker_move -id  Wave.1 C1 1985
gui_zoom -window Wave.1 -factor 2
gui_zoom -window Wave.1 -factor 2
gui_zoom -window Wave.1 -factor 2
gui_wv_scrollright -id  Wave.1  line
gui_wv_scrollright -id  Wave.1  line
gui_wv_scrollright -id  Wave.1  line
gui_wv_scrollright -id  Wave.1  line
gui_wv_scrollright -id  Wave.1  line
gui_wv_scrollright -id  Wave.1  line
gui_wv_scrollright -id  Wave.1  line
gui_wv_scrollright -id  Wave.1  line
gui_wv_scrollright -id  Wave.1  line
gui_zoom -window Wave.1 -factor 0.5
gui_wv_scrollright -id  Wave.1  line
gui_wv_scrollright -id  Wave.1  line
gui_wv_scrollright -id  Wave.1  line
gui_wv_scrollright -id  Wave.1  line
gui_wv_scrollright -id  Wave.1  line
gui_wv_scrollright -id  Wave.1  line
gui_wv_scrollright -id  Wave.1  line
gui_wv_scrollright -id  Wave.1  line
gui_wv_scrollright -id  Wave.1  line
gui_wv_scrollright -id  Wave.1  line
gui_wv_scrollright -id  Wave.1  line
gui_wv_scrollright -id  Wave.1  line
gui_wv_scrollright -id  Wave.1  line
gui_wv_scrollright -id  Wave.1  line
gui_wv_scrollright -id  Wave.1  line
gui_wv_scrollright -id  Wave.1  line
gui_wv_scrollright -id  Wave.1  line
gui_wv_scrollright -id  Wave.1  line
gui_wv_scrollright -id  Wave.1  line
gui_wv_scrollright -id  Wave.1  line
gui_wv_scrollright -id  Wave.1  line
gui_wv_scrollright -id  Wave.1  line
gui_wv_scrollright -id  Wave.1  line
gui_wv_scrollright -id  Wave.1  line
gui_wv_scrollright -id  Wave.1  line
gui_wv_scrollright -id  Wave.1  line
gui_wv_scrollright -id  Wave.1  line
gui_wv_scrollright -id  Wave.1  line
gui_wv_scrollright -id  Wave.1  line
gui_wv_scrollright -id  Wave.1  line
gui_wv_scrollright -id  Wave.1  line
gui_wv_scrollright -id  Wave.1  line
gui_wv_scrollright -id  Wave.1  line
gui_wv_scrollright -id  Wave.1  line
gui_wv_scrollright -id  Wave.1  line
gui_wv_scrollright -id  Wave.1  line
gui_wv_scrollright -id  Wave.1  line
gui_wv_scrollright -id  Wave.1  line
gui_wv_scrollright -id  Wave.1  line
gui_wv_scrollright -id  Wave.1  line
gui_wv_scrollright -id  Wave.1  line
gui_marker_move -id  Wave.1 C1 2796
gui_marker_move -id  Wave.1 C1 2800
